<?xml version="1.0" encoding="UTF-8"?>
<!-- Generated by org.testng.reporters.JUnitReportReporter -->
<testsuite skipped="1" hostname="Alam" name="testCase1.LoginFacebook_DataDriven" tests="1" failures="0" timestamp="27 Oct 2017 15:45:25 GMT" time="0.000" errors="0">
  <testcase name="loginTest" time="0.000" classname="testCase1.LoginFacebook_DataDriven">
    <skipped/>
  </testcase> <!-- loginTest -->
</testsuite> <!-- testCase1.LoginFacebook_DataDriven -->
